Determining if the include file io.h exists failed with the following output:
Change Dir: /home/giacomo/projects/yaucl-graph/cmake-build-debug/CMakeFiles/CMakeTmp

Run Build Command(s):make -f Makefile cmTC_59259/fast && make  -f CMakeFiles/cmTC_59259.dir/build.make CMakeFiles/cmTC_59259.dir/build
make[1]: Entering directory '/home/giacomo/projects/yaucl-graph/cmake-build-debug/CMakeFiles/CMakeTmp'
Building C object CMakeFiles/cmTC_59259.dir/CheckIncludeFile.c.o
/usr/bin/cc   -std=c11 -fPIC   -Wall -Wextra -Wsign-compare -Wshadow -Wwrite-strings -Wpointer-arith -Winit-self    -fPIE -o CMakeFiles/cmTC_59259.dir/CheckIncludeFile.c.o -c /home/giacomo/projects/yaucl-graph/cmake-build-debug/CMakeFiles/CMakeTmp/CheckIncludeFile.c
/home/giacomo/projects/yaucl-graph/cmake-build-debug/CMakeFiles/CMakeTmp/CheckIncludeFile.c:1:10: fatal error: io.h: No such file or directory
    1 | #include <io.h>
      |          ^~~~~~
compilation terminated.
make[1]: *** [CMakeFiles/cmTC_59259.dir/build.make:78: CMakeFiles/cmTC_59259.dir/CheckIncludeFile.c.o] Error 1
make[1]: Leaving directory '/home/giacomo/projects/yaucl-graph/cmake-build-debug/CMakeFiles/CMakeTmp'
make: *** [Makefile:127: cmTC_59259/fast] Error 2



Performing C SOURCE FILE Test HAVE_CLOCK_REALTIME failed with the following output:
Change Dir: /home/giacomo/projects/yaucl-graph/cmake-build-debug/CMakeFiles/CMakeTmp

Run Build Command(s):make -f Makefile cmTC_eaa4e/fast && make  -f CMakeFiles/cmTC_eaa4e.dir/build.make CMakeFiles/cmTC_eaa4e.dir/build
make[1]: Entering directory '/home/giacomo/projects/yaucl-graph/cmake-build-debug/CMakeFiles/CMakeTmp'
Building C object CMakeFiles/cmTC_eaa4e.dir/src.c.o
/usr/bin/cc -DHAVE_CLOCK_REALTIME  -std=c11 -fPIC   -Wall -Wextra -Wsign-compare -Wshadow -Wwrite-strings -Wpointer-arith -Winit-self    -fPIE -o CMakeFiles/cmTC_eaa4e.dir/src.c.o -c /home/giacomo/projects/yaucl-graph/cmake-build-debug/CMakeFiles/CMakeTmp/src.c
/home/giacomo/projects/yaucl-graph/cmake-build-debug/CMakeFiles/CMakeTmp/src.c: In function ‘main’:
/home/giacomo/projects/yaucl-graph/cmake-build-debug/CMakeFiles/CMakeTmp/src.c:7:5: warning: implicit declaration of function ‘clock_gettime’ [-Wimplicit-function-declaration]
    7 |     clock_gettime(CLOCK_REALTIME, &ts);
      |     ^~~~~~~~~~~~~
/home/giacomo/projects/yaucl-graph/cmake-build-debug/CMakeFiles/CMakeTmp/src.c:7:19: error: ‘CLOCK_REALTIME’ undeclared (first use in this function); did you mean ‘HAVE_CLOCK_REALTIME’?
    7 |     clock_gettime(CLOCK_REALTIME, &ts);
      |                   ^~~~~~~~~~~~~~
      |                   HAVE_CLOCK_REALTIME
/home/giacomo/projects/yaucl-graph/cmake-build-debug/CMakeFiles/CMakeTmp/src.c:7:19: note: each undeclared identifier is reported only once for each function it appears in
make[1]: *** [CMakeFiles/cmTC_eaa4e.dir/build.make:78: CMakeFiles/cmTC_eaa4e.dir/src.c.o] Error 1
make[1]: Leaving directory '/home/giacomo/projects/yaucl-graph/cmake-build-debug/CMakeFiles/CMakeTmp'
make: *** [Makefile:127: cmTC_eaa4e/fast] Error 2


Source file was:

#include <time.h>

int main(void) {
    struct timespec ts;

    clock_gettime(CLOCK_REALTIME, &ts);

    return 0;
}
